
*** Running vivado
    with args -log test_env.vds -m64 -product Vivado -mode batch -messageDb vivado.pb -notrace -source test_env.tcl


****** Vivado v2016.4 (64-bit)
  **** SW Build 1756540 on Mon Jan 23 19:11:23 MST 2017
  **** IP Build 1755317 on Mon Jan 23 20:30:07 MST 2017
    ** Copyright 1986-2016 Xilinx, Inc. All Rights Reserved.

source test_env.tcl -notrace
Command: synth_design -top test_env -part xc7a100tcsg324-1
Starting synth_design
Attempting to get a license for feature 'Synthesis' and/or device 'xc7a100t'
INFO: [Common 17-349] Got license for feature 'Synthesis' and/or device 'xc7a100t'
INFO: Launching helper process for spawning children vivado processes
INFO: Helper process launched with PID 25164 
---------------------------------------------------------------------------------
Starting RTL Elaboration : Time (s): cpu = 00:00:03 ; elapsed = 00:00:05 . Memory (MB): peak = 284.461 ; gain = 74.094
---------------------------------------------------------------------------------
INFO: [Synth 8-638] synthesizing module 'test_env' [C:/Users/Simona/OneDrive/Desktop/AC/Laborator_5/L5_V1/L5_V1.srcs/sources_1/new/test_env.vhd:16]
INFO: [Synth 8-3491] module 'MPG' declared at 'C:/Users/Simona/OneDrive/Desktop/AC/Laborator_5/L5_V1/L5_V1.srcs/sources_1/new/MPG.vhd:5' bound to instance 'monopulse' of component 'MPG' [C:/Users/Simona/OneDrive/Desktop/AC/Laborator_5/L5_V1/L5_V1.srcs/sources_1/new/test_env.vhd:161]
INFO: [Synth 8-638] synthesizing module 'MPG' [C:/Users/Simona/OneDrive/Desktop/AC/Laborator_5/L5_V1/L5_V1.srcs/sources_1/new/MPG.vhd:13]
INFO: [Synth 8-256] done synthesizing module 'MPG' (1#1) [C:/Users/Simona/OneDrive/Desktop/AC/Laborator_5/L5_V1/L5_V1.srcs/sources_1/new/MPG.vhd:13]
INFO: [Synth 8-3491] module 'SSD' declared at 'C:/Users/Simona/OneDrive/Desktop/AC/Laborator_5/L5_V1/L5_V1.srcs/sources_1/new/SSD.vhd:6' bound to instance 'display' of component 'SSD' [C:/Users/Simona/OneDrive/Desktop/AC/Laborator_5/L5_V1/L5_V1.srcs/sources_1/new/test_env.vhd:162]
INFO: [Synth 8-638] synthesizing module 'SSD' [C:/Users/Simona/OneDrive/Desktop/AC/Laborator_5/L5_V1/L5_V1.srcs/sources_1/new/SSD.vhd:13]
INFO: [Synth 8-226] default block is never used [C:/Users/Simona/OneDrive/Desktop/AC/Laborator_5/L5_V1/L5_V1.srcs/sources_1/new/SSD.vhd:32]
INFO: [Synth 8-226] default block is never used [C:/Users/Simona/OneDrive/Desktop/AC/Laborator_5/L5_V1/L5_V1.srcs/sources_1/new/SSD.vhd:47]
INFO: [Synth 8-226] default block is never used [C:/Users/Simona/OneDrive/Desktop/AC/Laborator_5/L5_V1/L5_V1.srcs/sources_1/new/SSD.vhd:61]
INFO: [Synth 8-256] done synthesizing module 'SSD' (2#1) [C:/Users/Simona/OneDrive/Desktop/AC/Laborator_5/L5_V1/L5_V1.srcs/sources_1/new/SSD.vhd:13]
INFO: [Synth 8-3491] module 'IFetch' declared at 'C:/Users/Simona/OneDrive/Desktop/AC/Laborator_5/L5_V1/L5_V1.srcs/sources_1/new/IFetch.vhd:5' bound to instance 'ifect' of component 'IFetch' [C:/Users/Simona/OneDrive/Desktop/AC/Laborator_5/L5_V1/L5_V1.srcs/sources_1/new/test_env.vhd:164]
INFO: [Synth 8-638] synthesizing module 'IFetch' [C:/Users/Simona/OneDrive/Desktop/AC/Laborator_5/L5_V1/L5_V1.srcs/sources_1/new/IFetch.vhd:17]
INFO: [Synth 8-256] done synthesizing module 'IFetch' (3#1) [C:/Users/Simona/OneDrive/Desktop/AC/Laborator_5/L5_V1/L5_V1.srcs/sources_1/new/IFetch.vhd:17]
INFO: [Synth 8-3491] module 'UC' declared at 'C:/Users/Simona/OneDrive/Desktop/AC/Laborator_5/L5_V1/L5_V1.srcs/sources_1/new/UC.vhd:4' bound to instance 'uc1' of component 'UC' [C:/Users/Simona/OneDrive/Desktop/AC/Laborator_5/L5_V1/L5_V1.srcs/sources_1/new/test_env.vhd:165]
INFO: [Synth 8-638] synthesizing module 'UC' [C:/Users/Simona/OneDrive/Desktop/AC/Laborator_5/L5_V1/L5_V1.srcs/sources_1/new/UC.vhd:19]
INFO: [Synth 8-256] done synthesizing module 'UC' (4#1) [C:/Users/Simona/OneDrive/Desktop/AC/Laborator_5/L5_V1/L5_V1.srcs/sources_1/new/UC.vhd:19]
INFO: [Synth 8-3491] module 'ID' declared at 'C:/Users/Simona/OneDrive/Desktop/AC/Laborator_5/L5_V1/L5_V1.srcs/sources_1/new/ID.vhd:5' bound to instance 'id1' of component 'ID' [C:/Users/Simona/OneDrive/Desktop/AC/Laborator_5/L5_V1/L5_V1.srcs/sources_1/new/test_env.vhd:166]
INFO: [Synth 8-638] synthesizing module 'ID' [C:/Users/Simona/OneDrive/Desktop/AC/Laborator_5/L5_V1/L5_V1.srcs/sources_1/new/ID.vhd:23]
INFO: [Synth 8-256] done synthesizing module 'ID' (5#1) [C:/Users/Simona/OneDrive/Desktop/AC/Laborator_5/L5_V1/L5_V1.srcs/sources_1/new/ID.vhd:23]
INFO: [Synth 8-3491] module 'EX' declared at 'C:/Users/Simona/OneDrive/Desktop/AC/Laborator_5/L5_V1/L5_V1.srcs/sources_1/new/EX.vhd:6' bound to instance 'ex1' of component 'EX' [C:/Users/Simona/OneDrive/Desktop/AC/Laborator_5/L5_V1/L5_V1.srcs/sources_1/new/test_env.vhd:167]
INFO: [Synth 8-638] synthesizing module 'EX' [C:/Users/Simona/OneDrive/Desktop/AC/Laborator_5/L5_V1/L5_V1.srcs/sources_1/new/EX.vhd:25]
INFO: [Synth 8-226] default block is never used [C:/Users/Simona/OneDrive/Desktop/AC/Laborator_5/L5_V1/L5_V1.srcs/sources_1/new/EX.vhd:59]
INFO: [Synth 8-256] done synthesizing module 'EX' (6#1) [C:/Users/Simona/OneDrive/Desktop/AC/Laborator_5/L5_V1/L5_V1.srcs/sources_1/new/EX.vhd:25]
INFO: [Synth 8-3491] module 'mem' declared at 'C:/Users/Simona/OneDrive/Desktop/AC/Laborator_5/L5_V1/L5_V1.srcs/sources_1/new/mem.vhd:5' bound to instance 'mem1' of component 'mem' [C:/Users/Simona/OneDrive/Desktop/AC/Laborator_5/L5_V1/L5_V1.srcs/sources_1/new/test_env.vhd:168]
INFO: [Synth 8-638] synthesizing module 'mem' [C:/Users/Simona/OneDrive/Desktop/AC/Laborator_5/L5_V1/L5_V1.srcs/sources_1/new/mem.vhd:15]
INFO: [Synth 8-256] done synthesizing module 'mem' (7#1) [C:/Users/Simona/OneDrive/Desktop/AC/Laborator_5/L5_V1/L5_V1.srcs/sources_1/new/mem.vhd:15]
INFO: [Synth 8-226] default block is never used [C:/Users/Simona/OneDrive/Desktop/AC/Laborator_5/L5_V1/L5_V1.srcs/sources_1/new/test_env.vhd:230]
WARNING: [Synth 8-614] signal 'RD1_ID_EX' is read in the process but is not in the sensitivity list [C:/Users/Simona/OneDrive/Desktop/AC/Laborator_5/L5_V1/L5_V1.srcs/sources_1/new/test_env.vhd:228]
WARNING: [Synth 8-614] signal 'RD2_ID_EX' is read in the process but is not in the sensitivity list [C:/Users/Simona/OneDrive/Desktop/AC/Laborator_5/L5_V1/L5_V1.srcs/sources_1/new/test_env.vhd:228]
WARNING: [Synth 8-614] signal 'Ext_Imm_ID_EX' is read in the process but is not in the sensitivity list [C:/Users/Simona/OneDrive/Desktop/AC/Laborator_5/L5_V1/L5_V1.srcs/sources_1/new/test_env.vhd:228]
INFO: [Synth 8-256] done synthesizing module 'test_env' (8#1) [C:/Users/Simona/OneDrive/Desktop/AC/Laborator_5/L5_V1/L5_V1.srcs/sources_1/new/test_env.vhd:16]
WARNING: [Synth 8-3331] design test_env has unconnected port led[15]
WARNING: [Synth 8-3331] design test_env has unconnected port led[14]
WARNING: [Synth 8-3331] design test_env has unconnected port led[13]
WARNING: [Synth 8-3331] design test_env has unconnected port led[12]
WARNING: [Synth 8-3331] design test_env has unconnected port btn[4]
WARNING: [Synth 8-3331] design test_env has unconnected port btn[3]
WARNING: [Synth 8-3331] design test_env has unconnected port btn[2]
WARNING: [Synth 8-3331] design test_env has unconnected port sw[15]
WARNING: [Synth 8-3331] design test_env has unconnected port sw[14]
WARNING: [Synth 8-3331] design test_env has unconnected port sw[13]
WARNING: [Synth 8-3331] design test_env has unconnected port sw[12]
WARNING: [Synth 8-3331] design test_env has unconnected port sw[11]
WARNING: [Synth 8-3331] design test_env has unconnected port sw[10]
WARNING: [Synth 8-3331] design test_env has unconnected port sw[9]
WARNING: [Synth 8-3331] design test_env has unconnected port sw[8]
WARNING: [Synth 8-3331] design test_env has unconnected port sw[4]
WARNING: [Synth 8-3331] design test_env has unconnected port sw[3]
WARNING: [Synth 8-3331] design test_env has unconnected port sw[2]
WARNING: [Synth 8-3331] design test_env has unconnected port sw[1]
WARNING: [Synth 8-3331] design test_env has unconnected port sw[0]
---------------------------------------------------------------------------------
Finished RTL Elaboration : Time (s): cpu = 00:00:04 ; elapsed = 00:00:06 . Memory (MB): peak = 322.797 ; gain = 112.430
---------------------------------------------------------------------------------

Report Check Netlist: 
+------+------------------+-------+---------+-------+------------------+
|      |Item              |Errors |Warnings |Status |Description       |
+------+------------------+-------+---------+-------+------------------+
|1     |multi_driven_nets |      0|        0|Passed |Multi driven nets |
+------+------------------+-------+---------+-------+------------------+
---------------------------------------------------------------------------------
Finished RTL Optimization Phase 1 : Time (s): cpu = 00:00:04 ; elapsed = 00:00:06 . Memory (MB): peak = 322.797 ; gain = 112.430
---------------------------------------------------------------------------------
INFO: [Device 21-403] Loading part xc7a100tcsg324-1
INFO: [Project 1-570] Preparing netlist for logic optimization

Processing XDC Constraints
Initializing timing engine
Parsing XDC File [C:/Users/Simona/OneDrive/Desktop/AC/NexysA7_test_env.xdc]
Finished Parsing XDC File [C:/Users/Simona/OneDrive/Desktop/AC/NexysA7_test_env.xdc]
INFO: [Project 1-236] Implementation specific constraints were found while reading constraint file [C:/Users/Simona/OneDrive/Desktop/AC/NexysA7_test_env.xdc]. These constraints will be ignored for synthesis but will be used in implementation. Impacted constraints are listed in the file [.Xil/test_env_propImpl.xdc].
Resolution: To avoid this warning, move constraints listed in [.Xil/test_env_propImpl.xdc] to another XDC file and exclude this new file from synthesis with the used_in_synthesis property (File Properties dialog in GUI) and re-run elaboration/synthesis.
Completed Processing XDC Constraints

INFO: [Project 1-111] Unisim Transformation Summary:
No Unisim elements were transformed.

Constraint Validation Runtime : Time (s): cpu = 00:00:00 ; elapsed = 00:00:00.007 . Memory (MB): peak = 633.926 ; gain = 0.000
---------------------------------------------------------------------------------
Finished Constraint Validation : Time (s): cpu = 00:00:09 ; elapsed = 00:00:13 . Memory (MB): peak = 633.926 ; gain = 423.559
---------------------------------------------------------------------------------
---------------------------------------------------------------------------------
Start Loading Part and Timing Information
---------------------------------------------------------------------------------
Loading part: xc7a100tcsg324-1
---------------------------------------------------------------------------------
Finished Loading Part and Timing Information : Time (s): cpu = 00:00:09 ; elapsed = 00:00:13 . Memory (MB): peak = 633.926 ; gain = 423.559
---------------------------------------------------------------------------------
---------------------------------------------------------------------------------
Start Applying 'set_property' XDC Constraints
---------------------------------------------------------------------------------
---------------------------------------------------------------------------------
Finished applying 'set_property' XDC Constraints : Time (s): cpu = 00:00:09 ; elapsed = 00:00:13 . Memory (MB): peak = 633.926 ; gain = 423.559
---------------------------------------------------------------------------------
INFO: [Synth 8-5546] ROM "rom" won't be mapped to RAM because it is too sparse
INFO: [Synth 8-5546] ROM "Br_ne" won't be mapped to RAM because it is too sparse
---------------------------------------------------------------------------------
Finished RTL Optimization Phase 2 : Time (s): cpu = 00:00:09 ; elapsed = 00:00:13 . Memory (MB): peak = 633.926 ; gain = 423.559
---------------------------------------------------------------------------------

Report RTL Partitions: 
+-+--------------+------------+----------+
| |RTL Partition |Replication |Instances |
+-+--------------+------------+----------+
+-+--------------+------------+----------+
---------------------------------------------------------------------------------
Start RTL Component Statistics 
---------------------------------------------------------------------------------
Detailed RTL Component Info : 
+---Adders : 
	   2 Input     32 Bit       Adders := 3     
	   3 Input     32 Bit       Adders := 1     
+---XORs : 
	   2 Input     32 Bit         XORs := 1     
+---Registers : 
	               32 Bit    Registers := 12    
	                6 Bit    Registers := 1     
	                5 Bit    Registers := 5     
	                3 Bit    Registers := 1     
	                1 Bit    Registers := 18    
+---RAMs : 
	               2K Bit         RAMs := 1     
	             1024 Bit         RAMs := 1     
+---Muxes : 
	   2 Input     32 Bit        Muxes := 4     
	  65 Input     32 Bit        Muxes := 1     
	   2 Input     16 Bit        Muxes := 1     
	   8 Input      8 Bit        Muxes := 1     
	   2 Input      5 Bit        Muxes := 1     
	   9 Input      3 Bit        Muxes := 1     
	  13 Input      3 Bit        Muxes := 1     
	   9 Input      1 Bit        Muxes := 7     
---------------------------------------------------------------------------------
Finished RTL Component Statistics 
---------------------------------------------------------------------------------
---------------------------------------------------------------------------------
Start RTL Hierarchical Component Statistics 
---------------------------------------------------------------------------------
Hierarchical RTL Component report 
Module test_env 
Detailed RTL Component Info : 
+---Registers : 
	               32 Bit    Registers := 11    
	                6 Bit    Registers := 1     
	                5 Bit    Registers := 5     
	                3 Bit    Registers := 1     
	                1 Bit    Registers := 15    
+---Muxes : 
	   2 Input     32 Bit        Muxes := 1     
Module MPG 
Detailed RTL Component Info : 
+---Registers : 
	                1 Bit    Registers := 3     
Module SSD 
Detailed RTL Component Info : 
+---Muxes : 
	   8 Input      8 Bit        Muxes := 1     
Module IFetch 
Detailed RTL Component Info : 
+---Adders : 
	   2 Input     32 Bit       Adders := 1     
+---Registers : 
	               32 Bit    Registers := 1     
+---Muxes : 
	   2 Input     32 Bit        Muxes := 2     
	  65 Input     32 Bit        Muxes := 1     
Module UC 
Detailed RTL Component Info : 
+---Muxes : 
	   9 Input      3 Bit        Muxes := 1     
	   9 Input      1 Bit        Muxes := 7     
Module ID 
Detailed RTL Component Info : 
+---RAMs : 
	             1024 Bit         RAMs := 1     
+---Muxes : 
	   2 Input     16 Bit        Muxes := 1     
Module EX 
Detailed RTL Component Info : 
+---Adders : 
	   2 Input     32 Bit       Adders := 2     
	   3 Input     32 Bit       Adders := 1     
+---XORs : 
	   2 Input     32 Bit         XORs := 1     
+---Muxes : 
	   2 Input     32 Bit        Muxes := 1     
	   2 Input      5 Bit        Muxes := 1     
	  13 Input      3 Bit        Muxes := 1     
Module mem 
Detailed RTL Component Info : 
+---RAMs : 
	               2K Bit         RAMs := 1     
---------------------------------------------------------------------------------
Finished RTL Hierarchical Component Statistics
---------------------------------------------------------------------------------
---------------------------------------------------------------------------------
Start Part Resource Summary
---------------------------------------------------------------------------------
Part Resources:
DSPs: 240 (col length:80)
BRAMs: 270 (col length: RAMB18 80 RAMB36 40)
---------------------------------------------------------------------------------
Finished Part Resource Summary
---------------------------------------------------------------------------------
---------------------------------------------------------------------------------
Start Cross Boundary and Area Optimization
---------------------------------------------------------------------------------
WARNING: [Synth 8-3917] design test_env has port led[10] driven by constant 0
WARNING: [Synth 8-3331] design test_env has unconnected port led[15]
WARNING: [Synth 8-3331] design test_env has unconnected port led[14]
WARNING: [Synth 8-3331] design test_env has unconnected port led[13]
WARNING: [Synth 8-3331] design test_env has unconnected port led[12]
WARNING: [Synth 8-3331] design test_env has unconnected port btn[4]
WARNING: [Synth 8-3331] design test_env has unconnected port btn[3]
WARNING: [Synth 8-3331] design test_env has unconnected port btn[2]
WARNING: [Synth 8-3331] design test_env has unconnected port sw[15]
WARNING: [Synth 8-3331] design test_env has unconnected port sw[14]
WARNING: [Synth 8-3331] design test_env has unconnected port sw[13]
WARNING: [Synth 8-3331] design test_env has unconnected port sw[12]
WARNING: [Synth 8-3331] design test_env has unconnected port sw[11]
WARNING: [Synth 8-3331] design test_env has unconnected port sw[10]
WARNING: [Synth 8-3331] design test_env has unconnected port sw[9]
WARNING: [Synth 8-3331] design test_env has unconnected port sw[8]
WARNING: [Synth 8-3331] design test_env has unconnected port sw[4]
WARNING: [Synth 8-3331] design test_env has unconnected port sw[3]
WARNING: [Synth 8-3331] design test_env has unconnected port sw[2]
WARNING: [Synth 8-3331] design test_env has unconnected port sw[1]
WARNING: [Synth 8-3331] design test_env has unconnected port sw[0]
INFO: [Synth 8-3886] merging instance 'Rd_ID_EX_reg[0]' (FDE) to 'Ext_Imm_ID_EX_reg[11]'
INFO: [Synth 8-3886] merging instance 'Rd_ID_EX_reg[1]' (FDE) to 'Ext_Imm_ID_EX_reg[12]'
INFO: [Synth 8-3886] merging instance 'Rd_ID_EX_reg[2]' (FDE) to 'Ext_Imm_ID_EX_reg[13]'
INFO: [Synth 8-3886] merging instance 'Rd_ID_EX_reg[3]' (FDE) to 'Ext_Imm_ID_EX_reg[14]'
INFO: [Synth 8-3886] merging instance 'Rd_ID_EX_reg[4]' (FDE) to 'Ext_Imm_ID_EX_reg[15]'
INFO: [Synth 8-3886] merging instance 'Instruction_IF_ID_reg[20]' (FDE) to 'Instruction_IF_ID_reg[24]'
INFO: [Synth 8-3886] merging instance 'Instruction_IF_ID_reg[24]' (FDE) to 'Instruction_IF_ID_reg[25]'
INFO: [Synth 8-3886] merging instance 'Instruction_IF_ID_reg[25]' (FDE) to 'Instruction_IF_ID_reg[29]'
INFO: [Synth 8-3886] merging instance 'Instruction_IF_ID_reg[14]' (FDE) to 'Instruction_IF_ID_reg[6]'
INFO: [Synth 8-3886] merging instance 'Instruction_IF_ID_reg[12]' (FDE) to 'Instruction_IF_ID_reg[13]'
INFO: [Synth 8-3886] merging instance 'Instruction_IF_ID_reg[11]' (FDE) to 'Instruction_IF_ID_reg[6]'
INFO: [Synth 8-3886] merging instance 'Instruction_IF_ID_reg[15]' (FDE) to 'Instruction_IF_ID_reg[6]'
INFO: [Synth 8-3886] merging instance 'Instruction_IF_ID_reg[10]' (FDE) to 'Instruction_IF_ID_reg[6]'
INFO: [Synth 8-3886] merging instance 'Instruction_IF_ID_reg[9]' (FDE) to 'Instruction_IF_ID_reg[6]'
INFO: [Synth 8-3886] merging instance 'Instruction_IF_ID_reg[8]' (FDE) to 'Instruction_IF_ID_reg[6]'
INFO: [Synth 8-3886] merging instance 'Instruction_IF_ID_reg[7]' (FDE) to 'Instruction_IF_ID_reg[6]'
INFO: [Synth 8-3886] merging instance 'Ext_Imm_ID_EX_reg[18]' (FDE) to 'Ext_Imm_ID_EX_reg[16]'
INFO: [Synth 8-3886] merging instance 'Ext_Imm_ID_EX_reg[26]' (FDE) to 'Ext_Imm_ID_EX_reg[16]'
INFO: [Synth 8-3886] merging instance 'Ext_Imm_ID_EX_reg[10]' (FDE) to 'sa_ID_EX_reg[0]'
INFO: [Synth 8-3886] merging instance 'Ext_Imm_ID_EX_reg[30]' (FDE) to 'Ext_Imm_ID_EX_reg[16]'
INFO: [Synth 8-3886] merging instance 'Ext_Imm_ID_EX_reg[14]' (FDE) to 'sa_ID_EX_reg[0]'
INFO: [Synth 8-3886] merging instance 'Ext_Imm_ID_EX_reg[22]' (FDE) to 'Ext_Imm_ID_EX_reg[16]'
INFO: [Synth 8-3886] merging instance 'Ext_Imm_ID_EX_reg[6]' (FDE) to 'sa_ID_EX_reg[0]'
INFO: [Synth 8-3886] merging instance 'Ext_Imm_ID_EX_reg[16]' (FDE) to 'Ext_Imm_ID_EX_reg[17]'
INFO: [Synth 8-3886] merging instance 'Ext_Imm_ID_EX_reg[24]' (FDE) to 'Ext_Imm_ID_EX_reg[17]'
INFO: [Synth 8-3886] merging instance 'Ext_Imm_ID_EX_reg[8]' (FDE) to 'sa_ID_EX_reg[0]'
INFO: [Synth 8-3886] merging instance 'Ext_Imm_ID_EX_reg[28]' (FDE) to 'Ext_Imm_ID_EX_reg[17]'
INFO: [Synth 8-3886] merging instance 'Ext_Imm_ID_EX_reg[12]' (FDE) to 'Ext_Imm_ID_EX_reg[13]'
INFO: [Synth 8-3886] merging instance 'Ext_Imm_ID_EX_reg[20]' (FDE) to 'Ext_Imm_ID_EX_reg[17]'
INFO: [Synth 8-3886] merging instance 'Ext_Imm_ID_EX_reg[4]' (FDE) to 'funct_ID_EX_reg[4]'
INFO: [Synth 8-3886] merging instance 'Ext_Imm_ID_EX_reg[17]' (FDE) to 'Ext_Imm_ID_EX_reg[19]'
INFO: [Synth 8-3886] merging instance 'Ext_Imm_ID_EX_reg[25]' (FDE) to 'Ext_Imm_ID_EX_reg[19]'
INFO: [Synth 8-3886] merging instance 'Ext_Imm_ID_EX_reg[9]' (FDE) to 'sa_ID_EX_reg[0]'
INFO: [Synth 8-3886] merging instance 'Ext_Imm_ID_EX_reg[29]' (FDE) to 'Ext_Imm_ID_EX_reg[19]'
INFO: [Synth 8-3886] merging instance 'Ext_Imm_ID_EX_reg[21]' (FDE) to 'Ext_Imm_ID_EX_reg[19]'
INFO: [Synth 8-3886] merging instance 'Ext_Imm_ID_EX_reg[5]' (FDE) to 'funct_ID_EX_reg[5]'
INFO: [Synth 8-3886] merging instance 'Ext_Imm_ID_EX_reg[31]' (FDE) to 'Ext_Imm_ID_EX_reg[19]'
INFO: [Synth 8-3886] merging instance 'Ext_Imm_ID_EX_reg[15]' (FDE) to 'sa_ID_EX_reg[0]'
INFO: [Synth 8-3886] merging instance 'Ext_Imm_ID_EX_reg[23]' (FDE) to 'Ext_Imm_ID_EX_reg[19]'
INFO: [Synth 8-3886] merging instance 'Ext_Imm_ID_EX_reg[7]' (FDE) to 'sa_ID_EX_reg[0]'
INFO: [Synth 8-3886] merging instance 'Ext_Imm_ID_EX_reg[27]' (FDE) to 'Ext_Imm_ID_EX_reg[19]'
INFO: [Synth 8-3886] merging instance 'Ext_Imm_ID_EX_reg[11]' (FDE) to 'sa_ID_EX_reg[0]'
INFO: [Synth 8-3886] merging instance 'sa_ID_EX_reg[4]' (FDE) to 'sa_ID_EX_reg[0]'
INFO: [Synth 8-3886] merging instance 'sa_ID_EX_reg[3]' (FDE) to 'sa_ID_EX_reg[0]'
INFO: [Synth 8-3886] merging instance 'sa_ID_EX_reg[2]' (FDE) to 'sa_ID_EX_reg[0]'
INFO: [Synth 8-3886] merging instance 'sa_ID_EX_reg[1]' (FDE) to 'sa_ID_EX_reg[0]'
INFO: [Synth 8-3886] merging instance 'Ext_Imm_ID_EX_reg[0]' (FDE) to 'funct_ID_EX_reg[0]'
INFO: [Synth 8-3886] merging instance 'Ext_Imm_ID_EX_reg[1]' (FDE) to 'funct_ID_EX_reg[1]'
INFO: [Synth 8-3886] merging instance 'funct_ID_EX_reg[2]' (FDE) to 'Ext_Imm_ID_EX_reg[2]'
INFO: [Synth 8-3886] merging instance 'AluSrc_ID_EX_reg' (FDE) to 'AluOp_ID_EX_reg[0]'
INFO: [Synth 8-3886] merging instance 'funct_ID_EX_reg[3]' (FDE) to 'Ext_Imm_ID_EX_reg[3]'
INFO: [Synth 8-3886] merging instance 'Instruction_IF_ID_reg[30]' (FDE) to 'Instruction_IF_ID_reg[29]'
INFO: [Synth 8-3333] propagating constant 0 across sequential element (\Instruction_IF_ID_reg[29] )
INFO: [Synth 8-3886] merging instance 'Instruction_IF_ID_reg[29]' (FDE) to 'Rt_ID_EX_reg[4]'
INFO: [Synth 8-3333] propagating constant 0 across sequential element (\Rt_ID_EX_reg[4] )
WARNING: [Synth 8-3332] Sequential element (Rt_ID_EX_reg[4]) is unused and will be removed from module test_env.
---------------------------------------------------------------------------------
Finished Cross Boundary and Area Optimization : Time (s): cpu = 00:00:12 ; elapsed = 00:00:15 . Memory (MB): peak = 633.926 ; gain = 423.559
---------------------------------------------------------------------------------
---------------------------------------------------------------------------------
Start ROM, RAM, DSP and Shift Register Reporting
---------------------------------------------------------------------------------

Distributed RAM: Preliminary Mapping  Report (see note below)
+------------+----------------------+-----------+----------------------+-----------------+
|Module Name | RTL Object           | Inference | Size (Depth x Width) | Primitives      | 
+------------+----------------------+-----------+----------------------+-----------------+
|test_env    | id1/reg_file_reg     | Implied   | 32 x 32              | RAM32M x 12     | 
|test_env    | mem1/memory_data_reg | Implied   | 64 x 32              | RAM64X1S x 32   | 
+------------+----------------------+-----------+----------------------+-----------------+

Note: The table above is a preliminary report that shows the Distributed RAMs at the current stage of the synthesis flow. Some Distributed RAMs may be reimplemented as non Distributed RAM primitives later in the synthesis flow. Multiple instantiated RAMs are reported only once.
---------------------------------------------------------------------------------
Finished ROM, RAM, DSP and Shift Register Reporting
---------------------------------------------------------------------------------

Report RTL Partitions: 
+-+--------------+------------+----------+
| |RTL Partition |Replication |Instances |
+-+--------------+------------+----------+
+-+--------------+------------+----------+
---------------------------------------------------------------------------------
Start Timing Optimization
---------------------------------------------------------------------------------
---------------------------------------------------------------------------------
Start Applying XDC Timing Constraints
---------------------------------------------------------------------------------
---------------------------------------------------------------------------------
Finished Applying XDC Timing Constraints : Time (s): cpu = 00:00:17 ; elapsed = 00:00:22 . Memory (MB): peak = 633.926 ; gain = 423.559
---------------------------------------------------------------------------------
---------------------------------------------------------------------------------
Finished Timing Optimization : Time (s): cpu = 00:00:20 ; elapsed = 00:00:24 . Memory (MB): peak = 688.676 ; gain = 478.309
---------------------------------------------------------------------------------

Report RTL Partitions: 
+-+--------------+------------+----------+
| |RTL Partition |Replication |Instances |
+-+--------------+------------+----------+
+-+--------------+------------+----------+
---------------------------------------------------------------------------------
Start Technology Mapping
---------------------------------------------------------------------------------
WARNING: [Synth 8-3332] Sequential element (PCp4_IF_ID_reg[0]) is unused and will be removed from module test_env.
WARNING: [Synth 8-3332] Sequential element (Pcp4_ID_EX_reg[0]) is unused and will be removed from module test_env.
WARNING: [Synth 8-3332] Sequential element (BrAdress_EX_MEM_reg[0]) is unused and will be removed from module test_env.
WARNING: [Synth 8-3332] Sequential element (ifect/Q_reg[0]) is unused and will be removed from module test_env.
---------------------------------------------------------------------------------
Finished Technology Mapping : Time (s): cpu = 00:00:20 ; elapsed = 00:00:24 . Memory (MB): peak = 688.676 ; gain = 478.309
---------------------------------------------------------------------------------

Report RTL Partitions: 
+-+--------------+------------+----------+
| |RTL Partition |Replication |Instances |
+-+--------------+------------+----------+
+-+--------------+------------+----------+
---------------------------------------------------------------------------------
Start IO Insertion
---------------------------------------------------------------------------------
---------------------------------------------------------------------------------
Start Flattening Before IO Insertion
---------------------------------------------------------------------------------
---------------------------------------------------------------------------------
Finished Flattening Before IO Insertion
---------------------------------------------------------------------------------
---------------------------------------------------------------------------------
Start Final Netlist Cleanup
---------------------------------------------------------------------------------
---------------------------------------------------------------------------------
Finished Final Netlist Cleanup
---------------------------------------------------------------------------------
---------------------------------------------------------------------------------
Finished IO Insertion : Time (s): cpu = 00:00:20 ; elapsed = 00:00:25 . Memory (MB): peak = 688.676 ; gain = 478.309
---------------------------------------------------------------------------------

Report Check Netlist: 
+------+------------------+-------+---------+-------+------------------+
|      |Item              |Errors |Warnings |Status |Description       |
+------+------------------+-------+---------+-------+------------------+
|1     |multi_driven_nets |      0|        0|Passed |Multi driven nets |
+------+------------------+-------+---------+-------+------------------+
---------------------------------------------------------------------------------
Start Renaming Generated Instances
---------------------------------------------------------------------------------
---------------------------------------------------------------------------------
Finished Renaming Generated Instances : Time (s): cpu = 00:00:20 ; elapsed = 00:00:25 . Memory (MB): peak = 688.676 ; gain = 478.309
---------------------------------------------------------------------------------

Report RTL Partitions: 
+-+--------------+------------+----------+
| |RTL Partition |Replication |Instances |
+-+--------------+------------+----------+
+-+--------------+------------+----------+
---------------------------------------------------------------------------------
Start Rebuilding User Hierarchy
---------------------------------------------------------------------------------
---------------------------------------------------------------------------------
Finished Rebuilding User Hierarchy : Time (s): cpu = 00:00:20 ; elapsed = 00:00:25 . Memory (MB): peak = 688.676 ; gain = 478.309
---------------------------------------------------------------------------------
---------------------------------------------------------------------------------
Start Renaming Generated Ports
---------------------------------------------------------------------------------
---------------------------------------------------------------------------------
Finished Renaming Generated Ports : Time (s): cpu = 00:00:20 ; elapsed = 00:00:25 . Memory (MB): peak = 688.676 ; gain = 478.309
---------------------------------------------------------------------------------
---------------------------------------------------------------------------------
Start Handling Custom Attributes
---------------------------------------------------------------------------------
---------------------------------------------------------------------------------
Finished Handling Custom Attributes : Time (s): cpu = 00:00:20 ; elapsed = 00:00:25 . Memory (MB): peak = 688.676 ; gain = 478.309
---------------------------------------------------------------------------------
---------------------------------------------------------------------------------
Start Renaming Generated Nets
---------------------------------------------------------------------------------
---------------------------------------------------------------------------------
Finished Renaming Generated Nets : Time (s): cpu = 00:00:20 ; elapsed = 00:00:25 . Memory (MB): peak = 688.676 ; gain = 478.309
---------------------------------------------------------------------------------
---------------------------------------------------------------------------------
Start ROM, RAM, DSP and Shift Register Reporting
---------------------------------------------------------------------------------

Static Shift Register Report:
+------------+---------------------+--------+-------+--------------+--------------------+-------------------+--------+---------+
|Module Name | RTL Name            | Length | Width | Reset Signal | Pull out first Reg | Pull out last Reg | SRL16E | SRLC32E | 
+------------+---------------------+--------+-------+--------------+--------------------+-------------------+--------+---------+
|test_env    | Mem2Reg_MEM_WB_reg  | 3      | 1     | NO           | NO                 | YES               | 1      | 0       | 
|test_env    | RegWrite_MEM_WB_reg | 3      | 1     | NO           | NO                 | YES               | 1      | 0       | 
+------------+---------------------+--------+-------+--------------+--------------------+-------------------+--------+---------+

---------------------------------------------------------------------------------
Finished ROM, RAM, DSP and Shift Register Reporting
---------------------------------------------------------------------------------
---------------------------------------------------------------------------------
Start Writing Synthesis Report
---------------------------------------------------------------------------------

Report BlackBoxes: 
+-+--------------+----------+
| |BlackBox name |Instances |
+-+--------------+----------+
+-+--------------+----------+

Report Cell Usage: 
+------+---------+------+
|      |Cell     |Count |
+------+---------+------+
|1     |BUFG     |     1|
|2     |CARRY4   |    46|
|3     |LUT1     |    93|
|4     |LUT2     |    33|
|5     |LUT3     |    89|
|6     |LUT4     |    77|
|7     |LUT5     |    69|
|8     |LUT6     |   217|
|9     |MUXF7    |    33|
|10    |RAM32M   |    12|
|11    |RAM64X1S |    32|
|12    |SRL16E   |     2|
|13    |FDCE     |    31|
|14    |FDRE     |   377|
|15    |IBUF     |     6|
|16    |OBUF     |    27|
|17    |OBUFT    |     4|
+------+---------+------+

Report Instance Areas: 
+------+------------+-------+------+
|      |Instance    |Module |Cells |
+------+------------+-------+------+
|1     |top         |       |  1149|
|2     |  display   |SSD    |    50|
|3     |  ex1       |EX     |   237|
|4     |  id1       |ID     |    44|
|5     |  ifect     |IFetch |   187|
|6     |  mem1      |mem    |    80|
|7     |  monopulse |MPG    |    52|
+------+------------+-------+------+
---------------------------------------------------------------------------------
Finished Writing Synthesis Report : Time (s): cpu = 00:00:20 ; elapsed = 00:00:25 . Memory (MB): peak = 688.676 ; gain = 478.309
---------------------------------------------------------------------------------
Synthesis finished with 0 errors, 0 critical warnings and 26 warnings.
Synthesis Optimization Runtime : Time (s): cpu = 00:00:14 ; elapsed = 00:00:17 . Memory (MB): peak = 688.676 ; gain = 165.984
Synthesis Optimization Complete : Time (s): cpu = 00:00:21 ; elapsed = 00:00:25 . Memory (MB): peak = 688.676 ; gain = 478.309
INFO: [Project 1-571] Translating synthesized netlist
INFO: [Netlist 29-17] Analyzing 96 Unisim elements for replacement
INFO: [Netlist 29-28] Unisim Transformation completed in 0 CPU seconds
INFO: [Project 1-570] Preparing netlist for logic optimization
INFO: [Opt 31-138] Pushed 1 inverter(s) to 12 load pin(s).
INFO: [Project 1-111] Unisim Transformation Summary:
  A total of 44 instances were transformed.
  RAM32M => RAM32M (inverted pins: WCLK) (RAMD32, RAMD32, RAMD32, RAMD32, RAMD32, RAMD32, RAMS32, RAMS32): 12 instances
  RAM64X1S => RAM64X1S (RAMS64E): 32 instances

INFO: [Common 17-83] Releasing license: Synthesis
105 Infos, 49 Warnings, 0 Critical Warnings and 0 Errors encountered.
synth_design completed successfully
synth_design: Time (s): cpu = 00:00:20 ; elapsed = 00:00:23 . Memory (MB): peak = 688.676 ; gain = 478.309
INFO: [Common 17-1381] The checkpoint 'C:/Users/Simona/OneDrive/Desktop/AC/mips32_pipeline/mips32_pipeline.runs/synth_1/test_env.dcp' has been generated.
report_utilization: Time (s): cpu = 00:00:00 ; elapsed = 00:00:00.019 . Memory (MB): peak = 688.676 ; gain = 0.000
INFO: [Common 17-206] Exiting Vivado at Thu May 16 12:11:19 2024...
